Build started 12/12/2017 12:50:15.
     1>Project "C:\hlocal\OGRE\HolaOGRE\HolaOGRE.vcxproj" on node 2 (Build target(s)).
     1>ClCompile:
         C:\software\programacion\MSVStudio2013\VC\bin\CL.exe /c /ZI /nologo /W3 /WX- /sdl /Od /Oy- /D _MBCS /Gm /EHsc /RTC1 /MDd /GS /fp:precise /Zc:wchar_t /Zc:forScope /Fo"Debug\\" /Fd"Debug\vc120.pdb" /Gd /TP /analyze- /errorReport:prompt ReflejoMan.cpp
         ReflejoMan.cpp
     1>c:\hlocal\ogre\ogresdk\include\ogre\overlay\ogreoverlay.h(78): warning C4251: 'Ogre::Overlay::mName' : class 'std::basic_string<char,std::char_traits<char>,std::allocator<char>>' needs to have dll-interface to be used by clients of class 'Ogre::Overlay'
     1>c:\hlocal\ogre\ogresdk\include\ogre\overlay\ogreoverlay.h(84): warning C4251: 'Ogre::Overlay::m2DElements' : class 'std::list<T,std::allocator<_Ty>>' needs to have dll-interface to be used by clients of class 'Ogre::Overlay'
                 with
                 [
                     T=Ogre::OverlayContainer *
         ,            _Ty=Ogre::OverlayContainer *
                 ]
     1>c:\hlocal\ogre\ogresdk\include\ogre\overlay\ogreoverlay.h(87): warning C4251: 'Ogre::Overlay::mRotate' : class 'Ogre::Radian' needs to have dll-interface to be used by clients of class 'Ogre::Overlay'
                 c:\hlocal\ogre\ogresdk\include\ogre\ogremath.h(48) : see declaration of 'Ogre::Radian'
     1>c:\hlocal\ogre\ogresdk\include\ogre\overlay\ogreoverlay.h(101): warning C4251: 'Ogre::Overlay::mOrigin' : class 'std::basic_string<char,std::char_traits<char>,std::allocator<char>>' needs to have dll-interface to be used by clients of class 'Ogre::Overlay'
     1>c:\hlocal\ogre\ogresdk\include\ogre\overlay\ogreoverlaymanager.h(61): warning C4251: 'Ogre::OverlayManager::mOverlayMap' : class 'std::map<K,V,P,std::allocator<std::pair<const _Kty,_Ty>>>' needs to have dll-interface to be used by clients of class 'Ogre::OverlayManager'
                 with
                 [
                     K=Ogre::String
         ,            V=Ogre::Overlay *
         ,            P=std::less<Ogre::String>
         ,            _Kty=Ogre::String
         ,            _Ty=Ogre::Overlay *
                 ]
     1>c:\hlocal\ogre\ogresdk\include\ogre\overlay\ogreoverlaymanager.h(62): warning C4251: 'Ogre::OverlayManager::mScriptPatterns' : class 'std::vector<T,std::allocator<_Ty>>' needs to have dll-interface to be used by clients of class 'Ogre::OverlayManager'
                 with
                 [
                     T=Ogre::String
         ,            _Ty=Ogre::String
                 ]
     1>c:\hlocal\ogre\ogresdk\include\ogre\overlay\ogreoverlaymanager.h(77): warning C4251: 'Ogre::OverlayManager::mFactories' : class 'std::map<K,V,P,std::allocator<std::pair<const _Kty,_Ty>>>' needs to have dll-interface to be used by clients of class 'Ogre::OverlayManager'
                 with
                 [
                     K=Ogre::String
         ,            V=Ogre::OverlayElementFactory *
         ,            P=std::less<Ogre::String>
         ,            _Kty=Ogre::String
         ,            _Ty=Ogre::OverlayElementFactory *
                 ]
     1>c:\hlocal\ogre\ogresdk\include\ogre\overlay\ogreoverlaymanager.h(79): warning C4251: 'Ogre::OverlayManager::mInstances' : class 'std::map<K,V,P,std::allocator<std::pair<const _Kty,_Ty>>>' needs to have dll-interface to be used by clients of class 'Ogre::OverlayManager'
                 with
                 [
                     K=Ogre::String
         ,            V=Ogre::OverlayElement *
         ,            P=std::less<Ogre::String>
         ,            _Kty=Ogre::String
         ,            _Ty=Ogre::OverlayElement *
                 ]
     1>c:\hlocal\ogre\ogresdk\include\ogre\overlay\ogreoverlaymanager.h(80): warning C4251: 'Ogre::OverlayManager::mTemplates' : class 'std::map<K,V,P,std::allocator<std::pair<const _Kty,_Ty>>>' needs to have dll-interface to be used by clients of class 'Ogre::OverlayManager'
                 with
                 [
                     K=Ogre::String
         ,            V=Ogre::OverlayElement *
         ,            P=std::less<Ogre::String>
         ,            _Kty=Ogre::String
         ,            _Ty=Ogre::OverlayElement *
                 ]
     1>c:\hlocal\ogre\ogresdk\include\ogre\overlay\ogreoverlaymanager.h(83): warning C4251: 'Ogre::OverlayManager::mLoadedScripts' : class 'std::set<T,P,std::allocator<_Ty>>' needs to have dll-interface to be used by clients of class 'Ogre::OverlayManager'
                 with
                 [
                     T=Ogre::String
         ,            P=std::less<Ogre::String>
         ,            _Ty=Ogre::String
                 ]
     1>c:\hlocal\ogre\ogresdk\include\ogre\overlay\ogreoverlayelement.h(127): warning C4251: 'Ogre::OverlayElement::mName' : class 'std::basic_string<char,std::char_traits<char>,std::allocator<char>>' needs to have dll-interface to be used by clients of class 'Ogre::OverlayElement'
     1>c:\hlocal\ogre\ogresdk\include\ogre\overlay\ogreoverlayelement.h(134): warning C4251: 'Ogre::OverlayElement::mMaterial' : class 'std::shared_ptr<Ogre::Material>' needs to have dll-interface to be used by clients of class 'Ogre::OverlayElement'
     1>c:\hlocal\ogre\ogresdk\include\ogre\overlay\ogreoverlayelement.h(137): warning C4251: 'Ogre::OverlayElement::mClippingRegion' : struct 'Ogre::TRect<float>' needs to have dll-interface to be used by clients of class 'Ogre::OverlayElement'
     1>c:\hlocal\ogre\ogresdk\include\ogre\overlay\ogreoverlaycontainer.h(65): warning C4251: 'Ogre::OverlayContainer::mChildren' : class 'std::map<K,V,P,std::allocator<std::pair<const _Kty,_Ty>>>' needs to have dll-interface to be used by clients of class 'Ogre::OverlayContainer'
                 with
                 [
                     K=Ogre::String
         ,            V=Ogre::OverlayElement *
         ,            P=std::less<Ogre::String>
         ,            _Kty=Ogre::String
         ,            _Ty=Ogre::OverlayElement *
                 ]
     1>c:\hlocal\ogre\ogresdk\include\ogre\overlay\ogreoverlaycontainer.h(67): warning C4251: 'Ogre::OverlayContainer::mChildContainers' : class 'std::map<K,V,P,std::allocator<std::pair<const _Kty,_Ty>>>' needs to have dll-interface to be used by clients of class 'Ogre::OverlayContainer'
                 with
                 [
                     K=Ogre::String
         ,            V=Ogre::OverlayContainer *
         ,            P=std::less<Ogre::String>
         ,            _Kty=Ogre::String
         ,            _Ty=Ogre::OverlayContainer *
                 ]
     1>c:\hlocal\ogre\ogresdk\include\ogre\overlay\ogrepaneloverlayelement.h(142): warning C4251: 'Ogre::PanelOverlayElement::mRenderOp' : class 'Ogre::RenderOperation' needs to have dll-interface to be used by clients of class 'Ogre::PanelOverlayElement'
                 c:\hlocal\ogre\ogresdk\include\ogre\ogrerenderoperation.h(45) : see declaration of 'Ogre::RenderOperation'
     1>c:\hlocal\ogre\ogresdk\include\ogre\overlay\ogrepaneloverlayelement.h(153): warning C4251: 'Ogre::PanelOverlayElement::msTypeName' : class 'std::basic_string<char,std::char_traits<char>,std::allocator<char>>' needs to have dll-interface to be used by clients of class 'Ogre::PanelOverlayElement'
     1>c:\hlocal\ogre\ogresdk\include\ogre\overlay\ogrepaneloverlayelement.h(156): warning C4251: 'Ogre::PanelOverlayElement::msCmdTiling' : class 'Ogre::PanelOverlayElement::CmdTiling' needs to have dll-interface to be used by clients of class 'Ogre::PanelOverlayElement'
                 c:\hlocal\ogre\ogresdk\include\ogre\overlay\ogrepaneloverlayelement.h(113) : see declaration of 'Ogre::PanelOverlayElement::CmdTiling'
     1>c:\hlocal\ogre\ogresdk\include\ogre\overlay\ogrepaneloverlayelement.h(157): warning C4251: 'Ogre::PanelOverlayElement::msCmdTransparent' : class 'Ogre::PanelOverlayElement::CmdTransparent' needs to have dll-interface to be used by clients of class 'Ogre::PanelOverlayElement'
                 c:\hlocal\ogre\ogresdk\include\ogre\overlay\ogrepaneloverlayelement.h(120) : see declaration of 'Ogre::PanelOverlayElement::CmdTransparent'
     1>c:\hlocal\ogre\ogresdk\include\ogre\overlay\ogrepaneloverlayelement.h(158): warning C4251: 'Ogre::PanelOverlayElement::msCmdUVCoords' : class 'Ogre::PanelOverlayElement::CmdUVCoords' needs to have dll-interface to be used by clients of class 'Ogre::PanelOverlayElement'
                 c:\hlocal\ogre\ogresdk\include\ogre\overlay\ogrepaneloverlayelement.h(127) : see declaration of 'Ogre::PanelOverlayElement::CmdUVCoords'
     1>c:\hlocal\ogre\ogresdk\include\ogre\overlay\ogreborderpaneloverlayelement.h(278): warning C4251: 'Ogre::BorderPanelOverlayElement::mBorderMaterial' : class 'std::shared_ptr<Ogre::Material>' needs to have dll-interface to be used by clients of class 'Ogre::BorderPanelOverlayElement'
     1>c:\hlocal\ogre\ogresdk\include\ogre\overlay\ogreborderpaneloverlayelement.h(281): warning C4251: 'Ogre::BorderPanelOverlayElement::mRenderOp2' : class 'Ogre::RenderOperation' needs to have dll-interface to be used by clients of class 'Ogre::BorderPanelOverlayElement'
                 c:\hlocal\ogre\ogresdk\include\ogre\ogrerenderoperation.h(45) : see declaration of 'Ogre::RenderOperation'
     1>c:\hlocal\ogre\ogresdk\include\ogre\overlay\ogreborderpaneloverlayelement.h(283): warning C4251: 'Ogre::BorderPanelOverlayElement::msTypeName' : class 'std::basic_string<char,std::char_traits<char>,std::allocator<char>>' needs to have dll-interface to be used by clients of class 'Ogre::BorderPanelOverlayElement'
     1>c:\hlocal\ogre\ogresdk\include\ogre\overlay\ogreborderpaneloverlayelement.h(305): warning C4251: 'Ogre::BorderPanelOverlayElement::msCmdBorderSize' : class 'Ogre::BorderPanelOverlayElement::CmdBorderSize' needs to have dll-interface to be used by clients of class 'Ogre::BorderPanelOverlayElement'
                 c:\hlocal\ogre\ogresdk\include\ogre\overlay\ogreborderpaneloverlayelement.h(194) : see declaration of 'Ogre::BorderPanelOverlayElement::CmdBorderSize'
     1>c:\hlocal\ogre\ogresdk\include\ogre\overlay\ogreborderpaneloverlayelement.h(306): warning C4251: 'Ogre::BorderPanelOverlayElement::msCmdBorderMaterial' : class 'Ogre::BorderPanelOverlayElement::CmdBorderMaterial' needs to have dll-interface to be used by clients of class 'Ogre::BorderPanelOverlayElement'
                 c:\hlocal\ogre\ogresdk\include\ogre\overlay\ogreborderpaneloverlayelement.h(201) : see declaration of 'Ogre::BorderPanelOverlayElement::CmdBorderMaterial'
     1>c:\hlocal\ogre\ogresdk\include\ogre\overlay\ogreborderpaneloverlayelement.h(307): warning C4251: 'Ogre::BorderPanelOverlayElement::msCmdBorderLeftUV' : class 'Ogre::BorderPanelOverlayElement::CmdBorderLeftUV' needs to have dll-interface to be used by clients of class 'Ogre::BorderPanelOverlayElement'
                 c:\hlocal\ogre\ogresdk\include\ogre\overlay\ogreborderpaneloverlayelement.h(208) : see declaration of 'Ogre::BorderPanelOverlayElement::CmdBorderLeftUV'
     1>c:\hlocal\ogre\ogresdk\include\ogre\overlay\ogreborderpaneloverlayelement.h(308): warning C4251: 'Ogre::BorderPanelOverlayElement::msCmdBorderTopUV' : class 'Ogre::BorderPanelOverlayElement::CmdBorderTopUV' needs to have dll-interface to be used by clients of class 'Ogre::BorderPanelOverlayElement'
                 c:\hlocal\ogre\ogresdk\include\ogre\overlay\ogreborderpaneloverlayelement.h(215) : see declaration of 'Ogre::BorderPanelOverlayElement::CmdBorderTopUV'
     1>c:\hlocal\ogre\ogresdk\include\ogre\overlay\ogreborderpaneloverlayelement.h(309): warning C4251: 'Ogre::BorderPanelOverlayElement::msCmdBorderBottomUV' : class 'Ogre::BorderPanelOverlayElement::CmdBorderBottomUV' needs to have dll-interface to be used by clients of class 'Ogre::BorderPanelOverlayElement'
                 c:\hlocal\ogre\ogresdk\include\ogre\overlay\ogreborderpaneloverlayelement.h(229) : see declaration of 'Ogre::BorderPanelOverlayElement::CmdBorderBottomUV'
     1>c:\hlocal\ogre\ogresdk\include\ogre\overlay\ogreborderpaneloverlayelement.h(310): warning C4251: 'Ogre::BorderPanelOverlayElement::msCmdBorderRightUV' : class 'Ogre::BorderPanelOverlayElement::CmdBorderRightUV' needs to have dll-interface to be used by clients of class 'Ogre::BorderPanelOverlayElement'
                 c:\hlocal\ogre\ogresdk\include\ogre\overlay\ogreborderpaneloverlayelement.h(222) : see declaration of 'Ogre::BorderPanelOverlayElement::CmdBorderRightUV'
     1>c:\hlocal\ogre\ogresdk\include\ogre\overlay\ogreborderpaneloverlayelement.h(311): warning C4251: 'Ogre::BorderPanelOverlayElement::msCmdBorderTopLeftUV' : class 'Ogre::BorderPanelOverlayElement::CmdBorderTopLeftUV' needs to have dll-interface to be used by clients of class 'Ogre::BorderPanelOverlayElement'
                 c:\hlocal\ogre\ogresdk\include\ogre\overlay\ogreborderpaneloverlayelement.h(236) : see declaration of 'Ogre::BorderPanelOverlayElement::CmdBorderTopLeftUV'
     1>c:\hlocal\ogre\ogresdk\include\ogre\overlay\ogreborderpaneloverlayelement.h(312): warning C4251: 'Ogre::BorderPanelOverlayElement::msCmdBorderBottomLeftUV' : class 'Ogre::BorderPanelOverlayElement::CmdBorderBottomLeftUV' needs to have dll-interface to be used by clients of class 'Ogre::BorderPanelOverlayElement'
                 c:\hlocal\ogre\ogresdk\include\ogre\overlay\ogreborderpaneloverlayelement.h(243) : see declaration of 'Ogre::BorderPanelOverlayElement::CmdBorderBottomLeftUV'
     1>c:\hlocal\ogre\ogresdk\include\ogre\overlay\ogreborderpaneloverlayelement.h(313): warning C4251: 'Ogre::BorderPanelOverlayElement::msCmdBorderTopRightUV' : class 'Ogre::BorderPanelOverlayElement::CmdBorderTopRightUV' needs to have dll-interface to be used by clients of class 'Ogre::BorderPanelOverlayElement'
                 c:\hlocal\ogre\ogresdk\include\ogre\overlay\ogreborderpaneloverlayelement.h(257) : see declaration of 'Ogre::BorderPanelOverlayElement::CmdBorderTopRightUV'
     1>c:\hlocal\ogre\ogresdk\include\ogre\overlay\ogreborderpaneloverlayelement.h(314): warning C4251: 'Ogre::BorderPanelOverlayElement::msCmdBorderBottomRightUV' : class 'Ogre::BorderPanelOverlayElement::CmdBorderBottomRightUV' needs to have dll-interface to be used by clients of class 'Ogre::BorderPanelOverlayElement'
                 c:\hlocal\ogre\ogresdk\include\ogre\overlay\ogreborderpaneloverlayelement.h(250) : see declaration of 'Ogre::BorderPanelOverlayElement::CmdBorderBottomRightUV'
     1>c:\hlocal\ogre\ogresdk\include\ogre\overlay\ogrefont.h(123): warning C4251: 'Ogre::Font::mSource' : class 'std::basic_string<char,std::char_traits<char>,std::allocator<char>>' needs to have dll-interface to be used by clients of class 'Ogre::Font'
     1>c:\hlocal\ogre\ogresdk\include\ogre\overlay\ogrefont.h(159): warning C4251: 'Ogre::Font::mCodePointMap' : class 'std::map<K,V,P,std::allocator<std::pair<const _Kty,_Ty>>>' needs to have dll-interface to be used by clients of class 'Ogre::Font'
                 with
                 [
                     K=Ogre::Font::CodePoint
         ,            V=Ogre::Font::GlyphInfo
         ,            P=std::less<size_t>
         ,            _Kty=Ogre::Font::CodePoint
         ,            _Ty=Ogre::Font::GlyphInfo
                 ]
     1>c:\hlocal\ogre\ogresdk\include\ogre\overlay\ogrefont.h(162): warning C4251: 'Ogre::Font::mMaterial' : class 'std::shared_ptr<Ogre::Material>' needs to have dll-interface to be used by clients of class 'Ogre::Font'
     1>c:\hlocal\ogre\ogresdk\include\ogre\overlay\ogrefont.h(165): warning C4251: 'Ogre::Font::mTexture' : class 'std::shared_ptr<Ogre::Texture>' needs to have dll-interface to be used by clients of class 'Ogre::Font'
     1>c:\hlocal\ogre\ogresdk\include\ogre\overlay\ogrefont.h(171): warning C4251: 'Ogre::Font::mCodePointRangeList' : class 'std::vector<T,std::allocator<_Ty>>' needs to have dll-interface to be used by clients of class 'Ogre::Font'
                 with
                 [
                     T=Ogre::Font::CodePointRange
         ,            _Ty=Ogre::Font::CodePointRange
                 ]
     1>c:\hlocal\ogre\ogresdk\include\ogre\overlay\ogretextareaoverlayelement.h(225): warning C4251: 'Ogre::TextAreaOverlayElement::mRenderOp' : class 'Ogre::RenderOperation' needs to have dll-interface to be used by clients of class 'Ogre::TextAreaOverlayElement'
                 c:\hlocal\ogre\ogresdk\include\ogre\ogrerenderoperation.h(45) : see declaration of 'Ogre::RenderOperation'
     1>c:\hlocal\ogre\ogresdk\include\ogre\overlay\ogretextareaoverlayelement.h(230): warning C4251: 'Ogre::TextAreaOverlayElement::msTypeName' : class 'std::basic_string<char,std::char_traits<char>,std::allocator<char>>' needs to have dll-interface to be used by clients of class 'Ogre::TextAreaOverlayElement'
     1>c:\hlocal\ogre\ogresdk\include\ogre\overlay\ogretextareaoverlayelement.h(233): warning C4251: 'Ogre::TextAreaOverlayElement::msCmdCharHeight' : class 'Ogre::TextAreaOverlayElement::CmdCharHeight' needs to have dll-interface to be used by clients of class 'Ogre::TextAreaOverlayElement'
                 c:\hlocal\ogre\ogresdk\include\ogre\overlay\ogretextareaoverlayelement.h(150) : see declaration of 'Ogre::TextAreaOverlayElement::CmdCharHeight'
     1>c:\hlocal\ogre\ogresdk\include\ogre\overlay\ogretextareaoverlayelement.h(234): warning C4251: 'Ogre::TextAreaOverlayElement::msCmdSpaceWidth' : class 'Ogre::TextAreaOverlayElement::CmdSpaceWidth' needs to have dll-interface to be used by clients of class 'Ogre::TextAreaOverlayElement'
                 c:\hlocal\ogre\ogresdk\include\ogre\overlay\ogretextareaoverlayelement.h(160) : see declaration of 'Ogre::TextAreaOverlayElement::CmdSpaceWidth'
     1>c:\hlocal\ogre\ogresdk\include\ogre\overlay\ogretextareaoverlayelement.h(235): warning C4251: 'Ogre::TextAreaOverlayElement::msCmdFontName' : class 'Ogre::TextAreaOverlayElement::CmdFontName' needs to have dll-interface to be used by clients of class 'Ogre::TextAreaOverlayElement'
                 c:\hlocal\ogre\ogresdk\include\ogre\overlay\ogretextareaoverlayelement.h(170) : see declaration of 'Ogre::TextAreaOverlayElement::CmdFontName'
     1>c:\hlocal\ogre\ogresdk\include\ogre\overlay\ogretextareaoverlayelement.h(236): warning C4251: 'Ogre::TextAreaOverlayElement::msCmdColour' : class 'Ogre::TextAreaOverlayElement::CmdColour' needs to have dll-interface to be used by clients of class 'Ogre::TextAreaOverlayElement'
                 c:\hlocal\ogre\ogresdk\include\ogre\overlay\ogretextareaoverlayelement.h(200) : see declaration of 'Ogre::TextAreaOverlayElement::CmdColour'
     1>c:\hlocal\ogre\ogresdk\include\ogre\overlay\ogretextareaoverlayelement.h(237): warning C4251: 'Ogre::TextAreaOverlayElement::msCmdColourTop' : class 'Ogre::TextAreaOverlayElement::CmdColourTop' needs to have dll-interface to be used by clients of class 'Ogre::TextAreaOverlayElement'
                 c:\hlocal\ogre\ogresdk\include\ogre\overlay\ogretextareaoverlayelement.h(180) : see declaration of 'Ogre::TextAreaOverlayElement::CmdColourTop'
     1>c:\hlocal\ogre\ogresdk\include\ogre\overlay\ogretextareaoverlayelement.h(238): warning C4251: 'Ogre::TextAreaOverlayElement::msCmdColourBottom' : class 'Ogre::TextAreaOverlayElement::CmdColourBottom' needs to have dll-interface to be used by clients of class 'Ogre::TextAreaOverlayElement'
                 c:\hlocal\ogre\ogresdk\include\ogre\overlay\ogretextareaoverlayelement.h(190) : see declaration of 'Ogre::TextAreaOverlayElement::CmdColourBottom'
     1>c:\hlocal\ogre\ogresdk\include\ogre\overlay\ogretextareaoverlayelement.h(239): warning C4251: 'Ogre::TextAreaOverlayElement::msCmdAlignment' : class 'Ogre::TextAreaOverlayElement::CmdAlignment' needs to have dll-interface to be used by clients of class 'Ogre::TextAreaOverlayElement'
                 c:\hlocal\ogre\ogresdk\include\ogre\overlay\ogretextareaoverlayelement.h(210) : see declaration of 'Ogre::TextAreaOverlayElement::CmdAlignment'
     1>c:\hlocal\ogre\ogresdk\include\ogre\overlay\ogretextareaoverlayelement.h(242): warning C4251: 'Ogre::TextAreaOverlayElement::mFont' : class 'std::shared_ptr<Ogre::Font>' needs to have dll-interface to be used by clients of class 'Ogre::TextAreaOverlayElement'
     1>c:\hlocal\ogre\ogresdk\include\ogre\bites\ogretrays.h(336): warning C4251: 'OgreBites::TextBox::mLines' : class 'std::vector<T,std::allocator<_Ty>>' needs to have dll-interface to be used by clients of class 'OgreBites::TextBox'
                 with
                 [
                     T=Ogre::String
         ,            _Ty=Ogre::String
                 ]
     1>c:\hlocal\ogre\ogresdk\include\ogre\bites\ogretrays.h(448): warning C4251: 'OgreBites::SelectMenu::mItemElements' : class 'std::vector<Ogre::BorderPanelOverlayElement *,std::allocator<_Ty>>' needs to have dll-interface to be used by clients of class 'OgreBites::SelectMenu'
                 with
                 [
                     _Ty=Ogre::BorderPanelOverlayElement *
                 ]
     1>c:\hlocal\ogre\ogresdk\include\ogre\bites\ogretrays.h(455): warning C4251: 'OgreBites::SelectMenu::mItems' : class 'std::vector<T,std::allocator<_Ty>>' needs to have dll-interface to be used by clients of class 'OgreBites::SelectMenu'
                 with
                 [
                     T=Ogre::String
         ,            _Ty=Ogre::String
                 ]
     1>c:\hlocal\ogre\ogresdk\include\ogre\bites\ogretrays.h(636): warning C4251: 'OgreBites::ParamsPanel::mNames' : class 'std::vector<T,std::allocator<_Ty>>' needs to have dll-interface to be used by clients of class 'OgreBites::ParamsPanel'
                 with
                 [
                     T=Ogre::String
         ,            _Ty=Ogre::String
                 ]
     1>c:\hlocal\ogre\ogresdk\include\ogre\bites\ogretrays.h(637): warning C4251: 'OgreBites::ParamsPanel::mValues' : class 'std::vector<T,std::allocator<_Ty>>' needs to have dll-interface to be used by clients of class 'OgreBites::ParamsPanel'
                 with
                 [
                     T=Ogre::String
         ,            _Ty=Ogre::String
                 ]
     1>c:\hlocal\ogre\ogresdk\include\ogre\bites\ogretrays.h(1190): warning C4251: 'OgreBites::TrayManager::mName' : class 'std::basic_string<char,std::char_traits<char>,std::allocator<char>>' needs to have dll-interface to be used by clients of class 'OgreBites::TrayManager'
     1>c:\hlocal\ogre\ogresdk\include\ogre\bites\ogretrays.h(1198): warning C4251: 'OgreBites::TrayManager::mWidgets' : class 'std::vector<OgreBites::Widget *,std::allocator<_Ty>>' needs to have dll-interface to be used by clients of class 'OgreBites::TrayManager'
                 with
                 [
                     _Ty=OgreBites::Widget *
                 ]
     1>c:\hlocal\ogre\ogresdk\include\ogre\bites\ogretrays.h(1199): warning C4251: 'OgreBites::TrayManager::mWidgetDeathRow' : class 'std::vector<OgreBites::Widget *,std::allocator<_Ty>>' needs to have dll-interface to be used by clients of class 'OgreBites::TrayManager'
                 with
                 [
                     _Ty=OgreBites::Widget *
                 ]
     1>c:\hlocal\ogre\holaogre\reflejoman.cpp(43): warning C4244: 'argument' : conversion from 'Ogre::Real' to 'Ogre::uint', possible loss of data
       Link:
         C:\software\programacion\MSVStudio2013\VC\bin\link.exe /ERRORREPORT:PROMPT /OUT:"C:\hlocal\OGRE\bin\HolaOGREDebug.exe" /INCREMENTAL /NOLOGO OgreMain_d.lib OgreBites_d.lib OgreRTShaderSystem_d.lib OgreOverlay_d.lib SDL2.lib SDL2main.lib kernel32.lib user32.lib gdi32.lib winspool.lib comdlg32.lib advapi32.lib shell32.lib ole32.lib oleaut32.lib uuid.lib odbc32.lib odbccp32.lib /MANIFEST /MANIFESTUAC:"level='asInvoker' uiAccess='false'" /manifest:embed /DEBUG /PDB:"C:\hlocal\OGRE\bin\HolaOGREDebug.pdb" /SUBSYSTEM:CONSOLE /TLBID:1 /DYNAMICBASE /NXCOMPAT /IMPLIB:"C:\hlocal\OGRE\bin\HolaOGREDebug.lib" /MACHINE:X86 Debug\HolaApp.obj
         Debug\main.obj
         Debug\MyApplicationContext.obj
         Debug\ObjectMan.obj
         Debug\ReflejoMan.obj
         Debug\SinbadMan.obj
         HolaOGRE.vcxproj -> C:\hlocal\OGRE\bin\HolaOGREDebug.exe
     1>Done Building Project "C:\hlocal\OGRE\HolaOGRE\HolaOGRE.vcxproj" (Build target(s)).

Build succeeded.

Time Elapsed 00:00:04.04
