c:\hlocal\proyectosogre (1)\proyectosogre\holaogre\debug\vc120.pdb
c:\hlocal\proyectosogre (1)\proyectosogre\holaogre\debug\vc120.idb
c:\hlocal\proyectosogre (1)\proyectosogre\holaogre\debug\main.obj
c:\hlocal\proyectosogre (1)\proyectosogre\holaogre\debug\myapplicationcontext.obj
c:\hlocal\proyectosogre (1)\proyectosogre\holaogre\debug\sinbad.obj
c:\hlocal\proyectosogre (1)\proyectosogre\holaogre\debug\holaapp.obj
c:\hlocal\proyectosogre (1)\proyectosogre\holaogre\debug\rendertargetlistener.obj
c:\hlocal\ogre\holaogre\debug\vc120.pdb
c:\hlocal\ogre\holaogre\debug\vc120.idb
c:\hlocal\ogre\holaogre\debug\holaapp.obj
c:\hlocal\ogre\holaogre\debug\main.obj
c:\hlocal\ogre\holaogre\debug\myapplicationcontext.obj
c:\hlocal\ogre\holaogre\debug\sinbad.obj
c:\hlocal\proyectosogre (1)\proyectosogre\bin\holaogredebug.ilk
c:\hlocal\proyectosogre (1)\proyectosogre\bin\holaogredebug.exe
c:\hlocal\proyectosogre (1)\proyectosogre\bin\holaogredebug.pdb
c:\hlocal\ogre\bin\holaogredebug.ilk
c:\hlocal\ogre\bin\holaogredebug.exe
c:\hlocal\ogre\bin\holaogredebug.pdb
c:\hlocal\ogre\holaogre\debug\rendertargetlistener.obj
c:\hlocal\ogre\holaogre\debug\holaogre.tlog\cl.command.1.tlog
c:\hlocal\ogre\holaogre\debug\holaogre.tlog\cl.read.1.tlog
c:\hlocal\ogre\holaogre\debug\holaogre.tlog\cl.write.1.tlog
c:\hlocal\ogre\holaogre\debug\holaogre.tlog\link.command.1.tlog
c:\hlocal\ogre\holaogre\debug\holaogre.tlog\link.read.1.tlog
c:\hlocal\ogre\holaogre\debug\holaogre.tlog\link.write.1.tlog
